# JRE version: OpenJDK Runtime Environment (17.0.8.1+1) (build 17.0.8.1+1-Ubuntu-0ubuntu122.04)
# Java VM: OpenJDK 64-Bit Server VM (17.0.8.1+1-Ubuntu-0ubuntu122.04, mixed mode, emulated-client, sharing, tiered, compressed oops, compressed class ptrs, g1 gc, linux-amd64)
GC Precious Log:
 CPUs: 8 total, 8 available
 Memory: 15877M
 Large Page Support: Disabled
 NUMA Support: Disabled
 Compressed Oops: Enabled (Zero based)
 Heap Region Size: 2M
 Heap Min Capacity: 8M
 Heap Initial Capacity: 250M
 Heap Max Capacity: 3970M
 Pre-touch: Disabled
 Parallel Workers: 8
 Concurrent Workers: 2
 Concurrent Refinement Workers: 8
 Periodic GC: Disabled
Heap:
 garbage-first heap   total 90112K, used 43385K [0x0000000707e00000, 0x0000000800000000)
  region size 2048K, 14 young (28672K), 2 survivors (4096K)
 Metaspace       used 40753K, committed 41280K, reserved 1114112K
  class space    used 5733K, committed 5952K, reserved 1048576K
GC Heap History (16 events):
Event: 2,053 GC heap before
{Heap before GC invocations=0 (full 0):
 garbage-first heap   total 260096K, used 22508K [0x0000000707e00000, 0x0000000800000000)
  region size 2048K, 11 young (22528K), 0 survivors (0K)
 Metaspace       used 7347K, committed 7552K, reserved 1114112K
  class space    used 928K, committed 1024K, reserved 1048576K
}
Event: 2,072 GC heap after
{Heap after GC invocations=1 (full 0):
 garbage-first heap   total 260096K, used 9955K [0x0000000707e00000, 0x0000000800000000)
  region size 2048K, 2 young (4096K), 2 survivors (4096K)
 Metaspace       used 7347K, committed 7552K, reserved 1114112K
  class space    used 928K, committed 1024K, reserved 1048576K
}
Event: 3,449 GC heap before
{Heap before GC invocations=1 (full 0):
 garbage-first heap   total 260096K, used 32483K [0x0000000707e00000, 0x0000000800000000)
  region size 2048K, 13 young (26624K), 2 survivors (4096K)
 Metaspace       used 11520K, committed 11776K, reserved 1114112K
  class space    used 1571K, committed 1664K, reserved 1048576K
}
Event: 3,465 GC heap after
{Heap after GC invocations=2 (full 0):
 garbage-first heap   total 260096K, used 10798K [0x0000000707e00000, 0x0000000800000000)
  region size 2048K, 1 young (2048K), 1 survivors (2048K)
 Metaspace       used 11520K, committed 11776K, reserved 1114112K
  class space    used 1571K, committed 1664K, reserved 1048576K
}
Event: 5,440 GC heap before
{Heap before GC invocations=2 (full 0):
 garbage-first heap   total 260096K, used 61998K [0x0000000707e00000, 0x0000000800000000)
  region size 2048K, 27 young (55296K), 1 survivors (2048K)
 Metaspace       used 20248K, committed 20544K, reserved 1114112K
  class space    used 2742K, committed 2880K, reserved 1048576K
}
Event: 5,455 GC heap after
{Heap after GC invocations=3 (full 0):
 garbage-first heap   total 260096K, used 14415K [0x0000000707e00000, 0x0000000800000000)
  region size 2048K, 3 young (6144K), 3 survivors (6144K)
 Metaspace       used 20248K, committed 20544K, reserved 1114112K
  class space    used 2742K, committed 2880K, reserved 1048576K
}
Event: 5,894 GC heap before
{Heap before GC invocations=3 (full 0):
 garbage-first heap   total 260096K, used 24655K [0x0000000707e00000, 0x0000000800000000)
  region size 2048K, 9 young (18432K), 3 survivors (6144K)
 Metaspace       used 21257K, committed 21504K, reserved 1114112K
  class space    used 2892K, committed 3008K, reserved 1048576K
}
Event: 5,909 GC heap after
{Heap after GC invocations=4 (full 0):
 garbage-first heap   total 260096K, used 14888K [0x0000000707e00000, 0x0000000800000000)
  region size 2048K, 3 young (6144K), 3 survivors (6144K)
 Metaspace       used 21257K, committed 21504K, reserved 1114112K
  class space    used 2892K, committed 3008K, reserved 1048576K
}
Event: 7,688 GC heap before
{Heap before GC invocations=5 (full 0):
 garbage-first heap   total 69632K, used 49704K [0x0000000707e00000, 0x0000000800000000)
  region size 2048K, 20 young (40960K), 3 survivors (6144K)
 Metaspace       used 25936K, committed 26368K, reserved 1114112K
  class space    used 3626K, committed 3840K, reserved 1048576K
}
Event: 7,715 GC heap after
{Heap after GC invocations=6 (full 0):
 garbage-first heap   total 69632K, used 17661K [0x0000000707e00000, 0x0000000800000000)
  region size 2048K, 2 young (4096K), 2 survivors (4096K)
 Metaspace       used 25936K, committed 26368K, reserved 1114112K
  class space    used 3626K, committed 3840K, reserved 1048576K
}
Event: 7,828 GC heap before
{Heap before GC invocations=6 (full 0):
 garbage-first heap   total 69632K, used 19709K [0x0000000707e00000, 0x0000000800000000)
  region size 2048K, 3 young (6144K), 2 survivors (4096K)
 Metaspace       used 26118K, committed 26496K, reserved 1114112K
  class space    used 3670K, committed 3840K, reserved 1048576K
}
Event: 7,841 GC heap after
{Heap after GC invocations=7 (full 0):
 garbage-first heap   total 69632K, used 18060K [0x0000000707e00000, 0x0000000800000000)
  region size 2048K, 1 young (2048K), 1 survivors (2048K)
 Metaspace       used 26118K, committed 26496K, reserved 1114112K
  class space    used 3670K, committed 3840K, reserved 1048576K
}
Event: 8,926 GC heap before
{Heap before GC invocations=7 (full 0):
 garbage-first heap   total 69632K, used 44684K [0x0000000707e00000, 0x0000000800000000)
  region size 2048K, 14 young (28672K), 1 survivors (2048K)
 Metaspace       used 29586K, committed 30080K, reserved 1114112K
  class space    used 4154K, committed 4416K, reserved 1048576K
}
Event: 8,935 GC heap after
{Heap after GC invocations=8 (full 0):
 garbage-first heap   total 131072K, used 19601K [0x0000000707e00000, 0x0000000800000000)
  region size 2048K, 2 young (4096K), 2 survivors (4096K)
 Metaspace       used 29586K, committed 30080K, reserved 1114112K
  class space    used 4154K, committed 4416K, reserved 1048576K
}
Event: 10,269 GC heap before
{Heap before GC invocations=8 (full 0):
 garbage-first heap   total 131072K, used 46225K [0x0000000707e00000, 0x0000000800000000)
  region size 2048K, 16 young (32768K), 2 survivors (4096K)
 Metaspace       used 35548K, committed 35968K, reserved 1114112K
  class space    used 5056K, committed 5248K, reserved 1048576K
}
Event: 10,286 GC heap after
{Heap after GC invocations=9 (full 0):
 garbage-first heap   total 131072K, used 20857K [0x0000000707e00000, 0x0000000800000000)
  region size 2048K, 2 young (4096K), 2 survivors (4096K)
 Metaspace       used 35548K, committed 35968K, reserved 1114112K
  class space    used 5056K, committed 5248K, reserved 1048576K
}

